<?xml version="1.0" encoding="UTF-8"?>
<!-- Generated by org.testng.reporters.JUnitReportReporter -->
<testsuite hostname="LAPTOP-V7M1F0GS" failures="0" tests="1" name="com.evs.runner.Runner" time="60.935" errors="0" timestamp="2024-02-02T10:19:56 IST" skipped="0">
  <testcase classname="com.evs.runner.Runner" name="Test" time="60.935"/>
  <system-out/>
</testsuite> <!-- com.evs.runner.Runner -->
