<?xml version="1.0" encoding="UTF-8"?>
<!-- Generated by org.testng.reporters.JUnitReportReporter -->
<testsuite hostname="LAPTOP-V7M1F0GS" failures="0" tests="4" name="com.evs.runner.Runner" time="83.395" errors="0" timestamp="2024-02-05T20:06:49 IST" skipped="0">
  <testcase classname="com.evs.runner.Runner" name="Test" time="22.097"/>
  <system-out/>
  <testcase classname="com.evs.runner.Runner" name="marketingVerificationtest" time="19.980"/>
  <system-out/>
  <testcase classname="com.evs.runner.Runner" name="createAccountTest" time="18.534"/>
  <system-out/>
  <testcase classname="com.evs.runner.Runner" name="salesText" time="22.784"/>
  <system-out/>
</testsuite> <!-- com.evs.runner.Runner -->
