<?xml version="1.0" encoding="UTF-8"?>
<!-- Generated by org.testng.reporters.JUnitReportReporter -->
<testsuite hostname="LAPTOP-V7M1F0GS" failures="0" tests="4" name="com.evs.runner.Runner" time="86.879" errors="0" timestamp="2024-02-02T11:20:47 IST" skipped="0">
  <testcase classname="com.evs.runner.Runner" name="createAccountTest" time="18.174"/>
  <system-out/>
  <testcase classname="com.evs.runner.Runner" name="marketingVerificationtest" time="17.760"/>
  <system-out/>
  <testcase classname="com.evs.runner.Runner" name="Test" time="21.828"/>
  <system-out/>
  <testcase classname="com.evs.runner.Runner" name="salesText" time="29.117"/>
  <system-out/>
</testsuite> <!-- com.evs.runner.Runner -->
